0 info it worked if it ends with ok
1 verbose cli [ '/home/aq/.nvm/versions/node/v6.11.4/bin/node',
1 verbose cli   '/home/aq/.nvm/versions/node/v6.11.4/bin/npm',
1 verbose cli   'run',
1 verbose cli   'app.js' ]
2 info using npm@3.10.10
3 info using node@v6.11.4
4 verbose stack Error: missing script: app.js
4 verbose stack     at run (/home/aq/.nvm/versions/node/v6.11.4/lib/node_modules/npm/lib/run-script.js:151:19)
4 verbose stack     at /home/aq/.nvm/versions/node/v6.11.4/lib/node_modules/npm/lib/run-script.js:61:5
4 verbose stack     at /home/aq/.nvm/versions/node/v6.11.4/lib/node_modules/npm/node_modules/read-package-json/read-json.js:356:5
4 verbose stack     at checkBinReferences_ (/home/aq/.nvm/versions/node/v6.11.4/lib/node_modules/npm/node_modules/read-package-json/read-json.js:320:45)
4 verbose stack     at final (/home/aq/.nvm/versions/node/v6.11.4/lib/node_modules/npm/node_modules/read-package-json/read-json.js:354:3)
4 verbose stack     at then (/home/aq/.nvm/versions/node/v6.11.4/lib/node_modules/npm/node_modules/read-package-json/read-json.js:124:5)
4 verbose stack     at ReadFileContext.<anonymous> (/home/aq/.nvm/versions/node/v6.11.4/lib/node_modules/npm/node_modules/read-package-json/read-json.js:295:20)
4 verbose stack     at ReadFileContext.callback (/home/aq/.nvm/versions/node/v6.11.4/lib/node_modules/npm/node_modules/graceful-fs/graceful-fs.js:78:16)
4 verbose stack     at FSReqWrap.readFileAfterOpen [as oncomplete] (fs.js:367:13)
5 verbose cwd /home/aq/文档/node-study/node/day08/app-2
6 error Linux 4.10.0-38-generic
7 error argv "/home/aq/.nvm/versions/node/v6.11.4/bin/node" "/home/aq/.nvm/versions/node/v6.11.4/bin/npm" "run" "app.js"
8 error node v6.11.4
9 error npm  v3.10.10
10 error missing script: app.js
11 error If you need help, you may report this error at:
11 error     <https://github.com/npm/npm/issues>
12 verbose exit [ 1, true ]
